<?xml version="1.0" encoding="UTF-8"?>
<!-- Generated by org.testng.reporters.JUnitReportReporter -->
<testsuite skipped="0" hostname="Admin-PC" name="bddProj.runner.CucumberRunnerTest" tests="2" failures="0" timestamp="2022-05-30T10:27:11 IST" time="38.171" errors="0">
  <testcase name="runScenario" time="15.459" classname="bddProj.runner.CucumberRunnerTest"/>
  <system-out/>
  <testcase name="runScenario" time="22.712" classname="bddProj.runner.CucumberRunnerTest"/>
  <system-out/>
</testsuite> <!-- bddProj.runner.CucumberRunnerTest -->
